<?xml version="1.0" encoding="UTF-8"?>
<testsuite xmlns:xsi="http://www.w3.org/2001/XMLSchema-instance" xsi:noNamespaceSchemaLocation="https://maven.apache.org/surefire/maven-surefire-plugin/xsd/surefire-test-report-3.0.xsd" version="3.0" name="cl.company.ecommerce.repository.CustomerRepositoryTest" time="6.462" tests="5" errors="0" skipped="0" failures="0">
  <properties>
[...]
</properties>
  <testcase name="deleteCustomer" classname="cl.company.ecommerce.repository.CustomerRepositoryTest" time="0.287">
    <system-out><![CDATA[2024-04-29T20:51:22.246-04:00  INFO 14156 --- [api-e-commerce-bd] [           main] t.c.s.AnnotationConfigContextLoaderUtils : Could not detect default configuration classes for test class [cl.company.ecommerce.repository.CustomerRepositoryTest]: CustomerRepositoryTest does not declare any static, non-private, non-final, nested classes annotated with @Configuration.
2024-04-29T20:51:22.295-04:00  INFO 14156 --- [api-e-commerce-bd] [           main] .b.t.c.SpringBootTestContextBootstrapper : Found @SpringBootConfiguration cl.company.ecommerce.ApiECommerceApplication for test class cl.company.ecommerce.repository.CustomerRepositoryTest
2024-04-29T20:51:22.300-04:00  INFO 14156 --- [api-e-commerce-bd] [           main] o.s.b.d.r.RestartApplicationListener     : Restart disabled due to context in which it is running

  .   ____          _            __ _ _
 /\\ / ___'_ __ _ _(_)_ __  __ _ \ \ \ \
( ( )\___ | '_ | '_| | '_ \/ _` | \ \ \ \
 \\/  ___)| |_)| | | | | || (_| |  ) ) ) )
  '  |____| .__|_| |_|_| |_\__, | / / / /
 =========|_|==============|___/=/_/_/_/
 :: Spring Boot ::                (v3.2.4)

2024-04-29T20:51:22.335-04:00  INFO 14156 --- [api-e-commerce-bd] [           main] c.c.e.repository.CustomerRepositoryTest  : Starting CustomerRepositoryTest using Java 21.0.2 with PID 14156 (started by O009920 in C:\Users\O009920\Documents\EFT_S9_Matias_Fuentes\api-ecommerce)
2024-04-29T20:51:22.336-04:00  INFO 14156 --- [api-e-commerce-bd] [           main] c.c.e.repository.CustomerRepositoryTest  : No active profile set, falling back to 1 default profile: "default"
2024-04-29T20:51:22.656-04:00  INFO 14156 --- [api-e-commerce-bd] [           main] .s.d.r.c.RepositoryConfigurationDelegate : Bootstrapping Spring Data JPA repositories in DEFAULT mode.
2024-04-29T20:51:22.756-04:00  INFO 14156 --- [api-e-commerce-bd] [           main] .s.d.r.c.RepositoryConfigurationDelegate : Finished Spring Data repository scanning in 66 ms. Found 5 JPA repository interfaces.
2024-04-29T20:51:23.285-04:00  INFO 14156 --- [api-e-commerce-bd] [           main] o.hibernate.jpa.internal.util.LogHelper  : HHH000204: Processing PersistenceUnitInfo [name: default]
2024-04-29T20:51:23.419-04:00  INFO 14156 --- [api-e-commerce-bd] [           main] org.hibernate.Version                    : HHH000412: Hibernate ORM core version 6.4.4.Final
2024-04-29T20:51:23.469-04:00  INFO 14156 --- [api-e-commerce-bd] [           main] o.h.c.internal.RegionFactoryInitiator    : HHH000026: Second-level cache disabled
2024-04-29T20:51:23.616-04:00  INFO 14156 --- [api-e-commerce-bd] [           main] o.s.o.j.p.SpringPersistenceUnitInfo      : No LoadTimeWeaver setup: ignoring JPA class transformer
2024-04-29T20:51:23.645-04:00  INFO 14156 --- [api-e-commerce-bd] [           main] com.zaxxer.hikari.HikariDataSource       : HikariPool-1 - Starting...
2024-04-29T20:51:23.649-04:00  WARN 14156 --- [api-e-commerce-bd] [           main] c.zaxxer.hikari.util.DriverDataSource    : Registered driver with driverClassName=oracle.jdbc.driver.OracleDriver was not found, trying direct instantiation.
2024-04-29T20:51:24.813-04:00  INFO 14156 --- [api-e-commerce-bd] [           main] com.zaxxer.hikari.pool.HikariPool        : HikariPool-1 - Added connection oracle.jdbc.driver.T4CConnection@7b11ff9a
2024-04-29T20:51:24.816-04:00  INFO 14156 --- [api-e-commerce-bd] [           main] com.zaxxer.hikari.HikariDataSource       : HikariPool-1 - Start completed.
2024-04-29T20:51:25.023-04:00  WARN 14156 --- [api-e-commerce-bd] [           main] org.hibernate.orm.deprecation            : HHH90000025: OracleDialect does not need to be specified explicitly using 'hibernate.dialect' (remove the property setting and it will be selected by default)
2024-04-29T20:51:26.730-04:00  INFO 14156 --- [api-e-commerce-bd] [           main] o.h.e.t.j.p.i.JtaPlatformInitiator       : HHH000489: No JTA platform available (set 'hibernate.transaction.jta.platform' to enable JTA platform integration)
2024-04-29T20:51:26.735-04:00  INFO 14156 --- [api-e-commerce-bd] [           main] j.LocalContainerEntityManagerFactoryBean : Initialized JPA EntityManagerFactory for persistence unit 'default'
2024-04-29T20:51:27.210-04:00  INFO 14156 --- [api-e-commerce-bd] [           main] o.s.d.j.r.query.QueryEnhancerFactory     : Hibernate is in classpath; If applicable, HQL parser will be used.
2024-04-29T20:51:28.132-04:00  INFO 14156 --- [api-e-commerce-bd] [           main] c.c.e.repository.CustomerRepositoryTest  : Started CustomerRepositoryTest in 5.833 seconds (process running for 11.974)
Hibernate: select c1_0.id,c1_0.apellido,c1_0.direccion,c1_0.edad,c1_0.nombre,r1_0.id,r1_0.descripcion,r1_0.nombre,c1_0.telefono from cliente c1_0 left join rol r1_0 on r1_0.id=c1_0.rol_id where c1_0.id=?
Hibernate: select r1_0.id,r1_0.descripcion,r1_0.nombre from rol r1_0 where r1_0.id=?
]]></system-out>
  </testcase>
  <testcase name="testFindCustomerAll" classname="cl.company.ecommerce.repository.CustomerRepositoryTest" time="0.146">
    <system-out><![CDATA[Hibernate: select c1_0.id,c1_0.apellido,c1_0.direccion,c1_0.edad,c1_0.nombre,r1_0.id,r1_0.descripcion,r1_0.nombre,c1_0.telefono from cliente c1_0 left join rol r1_0 on r1_0.id=c1_0.rol_id where c1_0.id=?
Hibernate: select r1_0.id,r1_0.descripcion,r1_0.nombre from rol r1_0 where r1_0.id=?
Hibernate: update cliente set apellido=?,direccion=?,edad=?,nombre=?,rol_id=?,telefono=? where id=?
Hibernate: select c1_0.id,c1_0.apellido,c1_0.direccion,c1_0.edad,c1_0.nombre,c1_0.rol_id,c1_0.telefono from cliente c1_0
]]></system-out>
  </testcase>
  <testcase name="testFindCustomerById" classname="cl.company.ecommerce.repository.CustomerRepositoryTest" time="0.014">
    <system-out><![CDATA[Hibernate: select c1_0.id,c1_0.apellido,c1_0.direccion,c1_0.edad,c1_0.nombre,r1_0.id,r1_0.descripcion,r1_0.nombre,c1_0.telefono from cliente c1_0 left join rol r1_0 on r1_0.id=c1_0.rol_id where c1_0.id=?
]]></system-out>
  </testcase>
  <testcase name="saveCustomer" classname="cl.company.ecommerce.repository.CustomerRepositoryTest" time="0.018">
    <system-out><![CDATA[Hibernate: select c1_0.id,c1_0.apellido,c1_0.direccion,c1_0.edad,c1_0.nombre,r1_0.id,r1_0.descripcion,r1_0.nombre,c1_0.telefono from cliente c1_0 left join rol r1_0 on r1_0.id=c1_0.rol_id where c1_0.id=?
Hibernate: select r1_0.id,r1_0.descripcion,r1_0.nombre from rol r1_0 where r1_0.id=?
]]></system-out>
  </testcase>
  <testcase name="updateCustomer" classname="cl.company.ecommerce.repository.CustomerRepositoryTest" time="0.096">
    <system-out><![CDATA[Hibernate: select c1_0.id,c1_0.apellido,c1_0.direccion,c1_0.edad,c1_0.nombre,r1_0.id,r1_0.descripcion,r1_0.nombre,c1_0.telefono from cliente c1_0 left join rol r1_0 on r1_0.id=c1_0.rol_id where c1_0.id=?
Hibernate: select r1_0.id,r1_0.descripcion,r1_0.nombre from rol r1_0 where r1_0.id=?
2024-04-29T20:51:28.639-04:00  INFO 14156 --- [api-e-commerce-bd] [           main] j.LocalContainerEntityManagerFactoryBean : Closing JPA EntityManagerFactory for persistence unit 'default'
2024-04-29T20:51:28.640-04:00  INFO 14156 --- [api-e-commerce-bd] [           main] com.zaxxer.hikari.HikariDataSource       : HikariPool-1 - Shutdown initiated...
2024-04-29T20:51:28.702-04:00  INFO 14156 --- [api-e-commerce-bd] [           main] com.zaxxer.hikari.HikariDataSource       : HikariPool-1 - Shutdown completed.
]]></system-out>
  </testcase>
</testsuite>